2020-02-26 00:41:21:4121 warn: Sever start up!
2020-02-26 00:41:26:4126 info: Get list of skateboard owned by me or borrowed by me!! API version:LATEST
2020-02-26 00:41:26:4126 info: Get list of skateboard owned by me or borrowed by me!! API version:LATEST
2020-02-26 00:41:27:4127 info: Get list of skateboard owned by me or borrowed by me!! API version:LATEST
2020-02-26 00:41:27:4127 info: Get list of skateboard owned by me or borrowed by me!! API version:LATEST
2020-02-26 00:41:27:4127 info: Get list of skateboard owned by me or borrowed by me!! API version:LATEST
2020-02-26 00:41:27:4127 info: Get list of skateboard owned by me or borrowed by me!! API version:LATEST
2020-02-26 01:03:58:358 warn: Sever start up!
2020-02-26 01:04:48:448 warn: Sever start up!
2020-02-26 01:09:15:915 warn: Sever start up!
2020-02-26 01:09:51:951 warn: Skateboard not found. Id:4
2020-02-26 01:10:59:1059 warn: Sever start up!
2020-02-26 01:11:05:115 error: Not Found
2020-02-26 01:13:07:137 warn: Sever start up!
2020-02-26 01:13:10:1310 error: Not Found
2020-02-26 01:13:13:1313 info: Get list of skateboard belongs to current users.
2020-02-26 01:13:13:1313 error: skateboards is not defined
2020-02-26 01:13:47:1347 warn: Sever start up!
2020-02-26 01:13:48:1348 info: Get list of skateboard belongs to current users.
2020-02-26 01:13:59:1359 error: Not Found
2020-02-26 01:14:02:142 info: Get list of skateboard belongs to current users.
2020-02-26 10:18:06:186 warn: Sever start up!
2020-02-26 12:29:47:2947 warn: Sever start up!
2020-02-26 12:30:40:3040 warn: Sever start up!
2020-02-26 12:31:48:3148 warn: Sever start up!
2020-02-26 15:24:54:2454 warn: Sever start up!
2020-02-26 15:25:36:2536 warn: Sever start up!
2020-02-26 22:48:20:4820 warn: Sever start up!
2020-02-26 22:48:32:4832 error: Not Found
2020-02-26 22:49:17:4917 warn: Skateboard not found. Id:{skateboardId}
2020-02-26 22:51:11:5111 warn: Sever start up!
2020-02-26 22:54:17:5417 warn: Sever start up!
2020-02-26 22:58:35:5835 warn: Sever start up!
2020-02-26 23:02:01:21 warn: Sever start up!
2020-02-26 23:03:29:329 warn: Sever start up!
2020-02-26 23:04:28:428 warn: Sever start up!
2020-02-26 23:09:25:925 warn: Sever start up!
2020-02-26 23:16:48:1648 error: Not Found
2020-02-26 23:16:57:1657 error: Not Found
2020-02-26 23:17:02:172 error: Not Found
2020-02-26 23:25:29:2529 warn: Sever start up!
2020-02-26 23:25:41:2541 error: Not Found
